Arguments: 
  /usr/local/Cellar/node/10.1.0/bin/node /usr/local/bin/yarn test

PATH: 
  /usr/local/bin:/usr/bin:/bin:/usr/sbin:/sbin

Yarn version: 
  1.7.0

Node version: 
  10.1.0

Platform: 
  darwin x64

Trace: 
  TypeError [ERR_INVALID_ARG_TYPE]: The "path" argument must be of type string. Received type object
      at assertPath (path.js:39:11)
      at Object.isAbsolute (path.js:1146:5)
      at module.exports.exports.default (/usr/local/lib/node_modules/yarn/lib/cli.js:97479:16)
      at /usr/local/lib/node_modules/yarn/lib/cli.js:53215:63
      at Generator.next (<anonymous>)
      at step (/usr/local/lib/node_modules/yarn/lib/cli.js:98:30)
      at /usr/local/lib/node_modules/yarn/lib/cli.js:109:13

npm manifest: 
  {
    "name": "empty-project-template",
    "main": "node_modules/expo/AppEntry.js",
    "private": true,
    "scripts": {
      "start": "expo start",
      "android": "expo start --android",
      "ios": "expo start --ios",
      "eject": "node_modules/.bin/jest eject",
      "test": "jest"
    },
    "dependencies": {
      "expo": "^31.0.2",
      "jest-expo": "^31.0.0",
      "mobx": "^5.6.0",
      "mobx-react": "^5.3.6",
      "mobx-state-tree": "^3.7.1",
      "react": "16.5.0",
      "react-native": "https://github.com/expo/react-native/archive/sdk-31.0.0.tar.gz"
    },
    "devDependencies": {
      "babel-preset-expo": "^5.0.0",
      "transformIgnorePatterns": [
        "/node_modules/(?!react-native)/.+"
      ]
    }
  }

yarn manifest: 
  No manifest

Lockfile: 
  No lockfile
